Resource Usage Report for NAND_FLASH 

Mapping to part: m2s050vf400std
Cell usage:
AND2            1 use
CCC             1 use
CLKINT          5 uses
MSS_050         1 use
RCOSC_25_50MHZ  1 use
RCOSC_25_50MHZ_FAB  1 use
SYSRESET        1 use
CFG1           4 uses
CFG2           370 uses
CFG3           264 uses
CFG4           639 uses

Carry cells:
ARI1            489 uses - used for arithmetic functions
ARI1            26 uses - used for Wide-Mux implementation
Total ARI1      515 uses


Sequential Cells: 
SLE            691 uses

DSP Blocks:    0 of 72 (0%)

I/O ports: 20
I/O primitives: 19
BIBUF          8 uses
INBUF          3 uses
OUTBUF         7 uses
TRIBUFF        1 use


Global Clock Buffers: 5

Total LUTs:    1792

Extra resources required for RAM and MACC interface logic during P&R:

RAM64x18 Interface Logic : SLEs = 108; LUTs = 108;
RAM1K18  Interface Logic : SLEs = 288; LUTs = 288;
MACC     Interface Logic : SLEs = 0; LUTs = 0;

Total number of SLEs after P&R:  691 + 108 + 288 + 0 = 1087;
Total number of LUTs after P&R:  1792 + 108 + 288 + 0 = 2188;

