Software Version: 2023.1.0.6
Programmer '95430' : JTAG TCK frequency = 1 MHz
Driver : 3.0.0 build 1
programmer '95430' : FlashPro4
Opened 'C:\Users\alimu\Music\Ali\NAND_FLASH_CORE\designer\NAND_FLASH\NAND_FLASH_fp\NAND_FLASH.pro'
The 'open_project' command succeeded.
Info: Programming is already enabled for device 'M2S050'.
The 'enable_device' command succeeded.
PPD file 'C:/Users/alimu/Music/Ali/NAND_FLASH_CORE/designer/NAND_FLASH/NAND_FLASH.ppd' has been loaded successfully.
DESIGN : NAND_FLASH;  CHECKSUM : 2754;  PDB_VERSION : 1.0
The 'set_programming_file' command succeeded.
The 'set_programming_action' command succeeded.
programmer '95430' : Scan Chain...
Programmer '95430' : JTAG TCK frequency = 1 MHz
programmer '95430' : Check Chain...
programmer '95430' : Scan and Check Chain PASSED.
programmer '95430' : device 'M2S050' : Executing action PROGRAM
Programmer '95430' : JTAG TCK frequency = 4 MHz
programmer '95430' : device 'M2S050' : Programming Interface Protocol: JTAG
programmer '95430' : device 'M2S050' : EXPORT ISC_ENABLE_RESULT[32] = 006f6344
programmer '95430' : device 'M2S050' : EXPORT CRCERR[1] = 0
programmer '95430' : device 'M2S050' : EXPORT EDCERR[1] = 0
programmer '95430' : device 'M2S050' : Programming FPGA Array...
programmer '95430' : device 'M2S050' : EXPORT Fabric component digest[256] = dd95a7030a6570c468bc1cabfa9edd4c5988fdf2455e53ed6bfce9c97e6ffb33
programmer '95430' : device 'M2S050' : ===================================================================================
programmer '95430' : device 'M2S050' : EXPORT DSN[128] = 1388d8040000cd5a0000000e002a000f
programmer '95430' : device 'M2S050' : ===================================================================================
programmer '95430' : device 'M2S050' : Finished: Thu Jul 31 15:52:54 2025 (Elapsed time 00:00:55)
programmer '95430' : device 'M2S050' : Executing action PROGRAM PASSED.
programmer '95430' : Chain programming PASSED.
Chain Programming Finished: Thu Jul 31 15:52:54 2025 (Elapsed time 00:00:55)

                        o - o - o - o - o - o

The 'run_selected_actions' command succeeded.
Project saved.
The 'save_project' command succeeded.
Project closed.
The 'close_project' command succeeded.
The Execute Script command succeeded.
